<?xml version="1.0" encoding="UTF-8"?>
<testsuite xmlns:xsi="http://www.w3.org/2001/XMLSchema-instance" xsi:noNamespaceSchemaLocation="https://maven.apache.org/surefire/maven-surefire-plugin/xsd/surefire-test-report.xsd" version="3.0.1" name="com.xavierruiz.app.AppTest" time="0.016" tests="1" errors="0" skipped="0" failures="0">
  <properties>
    <property name="java.specification.version" value="17"/>
    <property name="sun.jnu.encoding" value="UTF-8"/>
    <property name="java.class.path" value="/Users/xavierruiz/Documents/repositories/x-ruiz/playground-data-engineering/pubsub/weatherpipeline/consumer/target/test-classes:/Users/xavierruiz/Documents/repositories/x-ruiz/playground-data-engineering/pubsub/weatherpipeline/consumer/target/classes:/Users/xavierruiz/.m2/repository/com/google/cloud/google-cloud-pubsub/1.141.0/google-cloud-pubsub-1.141.0.jar:/Users/xavierruiz/.m2/repository/io/grpc/grpc-api/1.71.0/grpc-api-1.71.0.jar:/Users/xavierruiz/.m2/repository/io/grpc/grpc-stub/1.71.0/grpc-stub-1.71.0.jar:/Users/xavierruiz/.m2/repository/org/codehaus/mojo/animal-sniffer-annotations/1.24/animal-sniffer-annotations-1.24.jar:/Users/xavierruiz/.m2/repository/io/grpc/grpc-protobuf/1.71.0/grpc-protobuf-1.71.0.jar:/Users/xavierruiz/.m2/repository/io/grpc/grpc-protobuf-lite/1.71.0/grpc-protobuf-lite-1.71.0.jar:/Users/xavierruiz/.m2/repository/com/google/api/api-common/2.51.1/api-common-2.51.1.jar:/Users/xavierruiz/.m2/repository/com/google/j2objc/j2objc-annotations/3.0.0/j2objc-annotations-3.0.0.jar:/Users/xavierruiz/.m2/repository/com/google/protobuf/protobuf-java/4.29.4/protobuf-java-4.29.4.jar:/Users/xavierruiz/.m2/repository/com/google/api/grpc/proto-google-common-protos/2.59.1/proto-google-common-protos-2.59.1.jar:/Users/xavierruiz/.m2/repository/com/google/auth/google-auth-library-oauth2-http/1.37.1/google-auth-library-oauth2-http-1.37.1.jar:/Users/xavierruiz/.m2/repository/com/google/auth/google-auth-library-credentials/1.37.1/google-auth-library-credentials-1.37.1.jar:/Users/xavierruiz/.m2/repository/com/google/http-client/google-http-client-gson/1.47.1/google-http-client-gson-1.47.1.jar:/Users/xavierruiz/.m2/repository/com/google/code/gson/gson/2.12.1/gson-2.12.1.jar:/Users/xavierruiz/.m2/repository/com/google/api/grpc/proto-google-cloud-pubsub-v1/1.123.0/proto-google-cloud-pubsub-v1-1.123.0.jar:/Users/xavierruiz/.m2/repository/com/google/api/grpc/proto-google-iam-v1/1.54.1/proto-google-iam-v1-1.54.1.jar:/Users/xavierruiz/.m2/repository/com/google/guava/guava/33.4.0-jre/guava-33.4.0-jre.jar:/Users/xavierruiz/.m2/repository/com/google/guava/failureaccess/1.0.2/failureaccess-1.0.2.jar:/Users/xavierruiz/.m2/repository/com/google/guava/listenablefuture/9999.0-empty-to-avoid-conflict-with-guava/listenablefuture-9999.0-empty-to-avoid-conflict-with-guava.jar:/Users/xavierruiz/.m2/repository/org/checkerframework/checker-qual/3.49.0/checker-qual-3.49.0.jar:/Users/xavierruiz/.m2/repository/com/google/api/gax/2.68.1/gax-2.68.1.jar:/Users/xavierruiz/.m2/repository/com/google/protobuf/protobuf-java-util/4.29.4/protobuf-java-util-4.29.4.jar:/Users/xavierruiz/.m2/repository/com/google/api/gax-grpc/2.68.1/gax-grpc-2.68.1.jar:/Users/xavierruiz/.m2/repository/io/grpc/grpc-inprocess/1.71.0/grpc-inprocess-1.71.0.jar:/Users/xavierruiz/.m2/repository/io/grpc/grpc-core/1.71.0/grpc-core-1.71.0.jar:/Users/xavierruiz/.m2/repository/com/google/android/annotations/4.1.1.4/annotations-4.1.1.4.jar:/Users/xavierruiz/.m2/repository/io/grpc/grpc-alts/1.71.0/grpc-alts-1.71.0.jar:/Users/xavierruiz/.m2/repository/io/grpc/grpc-grpclb/1.71.0/grpc-grpclb-1.71.0.jar:/Users/xavierruiz/.m2/repository/org/conscrypt/conscrypt-openjdk-uber/2.5.2/conscrypt-openjdk-uber-2.5.2.jar:/Users/xavierruiz/.m2/repository/io/grpc/grpc-auth/1.71.0/grpc-auth-1.71.0.jar:/Users/xavierruiz/.m2/repository/io/grpc/grpc-netty-shaded/1.71.0/grpc-netty-shaded-1.71.0.jar:/Users/xavierruiz/.m2/repository/io/grpc/grpc-util/1.71.0/grpc-util-1.71.0.jar:/Users/xavierruiz/.m2/repository/io/perfmark/perfmark-api/0.27.0/perfmark-api-0.27.0.jar:/Users/xavierruiz/.m2/repository/io/grpc/grpc-googleapis/1.71.0/grpc-googleapis-1.71.0.jar:/Users/xavierruiz/.m2/repository/io/grpc/grpc-xds/1.71.0/grpc-xds-1.71.0.jar:/Users/xavierruiz/.m2/repository/io/grpc/grpc-services/1.71.0/grpc-services-1.71.0.jar:/Users/xavierruiz/.m2/repository/com/google/re2j/re2j/1.8/re2j-1.8.jar:/Users/xavierruiz/.m2/repository/com/google/api/gax-httpjson/2.68.1/gax-httpjson-2.68.1.jar:/Users/xavierruiz/.m2/repository/org/threeten/threetenbp/1.7.0/threetenbp-1.7.0.jar:/Users/xavierruiz/.m2/repository/com/google/code/findbugs/jsr305/3.0.2/jsr305-3.0.2.jar:/Users/xavierruiz/.m2/repository/io/opencensus/opencensus-api/0.31.1/opencensus-api-0.31.1.jar:/Users/xavierruiz/.m2/repository/io/grpc/grpc-context/1.71.0/grpc-context-1.71.0.jar:/Users/xavierruiz/.m2/repository/com/google/errorprone/error_prone_annotations/2.38.0/error_prone_annotations-2.38.0.jar:/Users/xavierruiz/.m2/repository/com/google/auto/value/auto-value-annotations/1.11.0/auto-value-annotations-1.11.0.jar:/Users/xavierruiz/.m2/repository/com/google/http-client/google-http-client/1.47.1/google-http-client-1.47.1.jar:/Users/xavierruiz/.m2/repository/org/apache/httpcomponents/httpclient/4.5.14/httpclient-4.5.14.jar:/Users/xavierruiz/.m2/repository/commons-codec/commons-codec/1.18.0/commons-codec-1.18.0.jar:/Users/xavierruiz/.m2/repository/org/apache/httpcomponents/httpcore/4.4.16/httpcore-4.4.16.jar:/Users/xavierruiz/.m2/repository/io/opencensus/opencensus-contrib-http-util/0.31.1/opencensus-contrib-http-util-0.31.1.jar:/Users/xavierruiz/.m2/repository/io/opentelemetry/opentelemetry-api/1.47.0/opentelemetry-api-1.47.0.jar:/Users/xavierruiz/.m2/repository/io/opentelemetry/opentelemetry-context/1.47.0/opentelemetry-context-1.47.0.jar:/Users/xavierruiz/.m2/repository/io/opentelemetry/opentelemetry-semconv/1.26.0-alpha/opentelemetry-semconv-1.26.0-alpha.jar:/Users/xavierruiz/.m2/repository/javax/annotation/javax.annotation-api/1.3.2/javax.annotation-api-1.3.2.jar:/Users/xavierruiz/.m2/repository/org/junit/jupiter/junit-jupiter-api/5.11.0/junit-jupiter-api-5.11.0.jar:/Users/xavierruiz/.m2/repository/org/opentest4j/opentest4j/1.3.0/opentest4j-1.3.0.jar:/Users/xavierruiz/.m2/repository/org/junit/platform/junit-platform-commons/1.11.0/junit-platform-commons-1.11.0.jar:/Users/xavierruiz/.m2/repository/org/apiguardian/apiguardian-api/1.1.2/apiguardian-api-1.1.2.jar:/Users/xavierruiz/.m2/repository/org/junit/jupiter/junit-jupiter-params/5.11.0/junit-jupiter-params-5.11.0.jar:"/>
    <property name="java.vm.vendor" value="Homebrew"/>
    <property name="sun.arch.data.model" value="64"/>
    <property name="java.vendor.url" value="https://github.com/Homebrew/homebrew-core/issues"/>
    <property name="os.name" value="Mac OS X"/>
    <property name="java.vm.specification.version" value="17"/>
    <property name="sun.java.launcher" value="SUN_STANDARD"/>
    <property name="user.country" value="US"/>
    <property name="sun.boot.library.path" value="/opt/homebrew/Cellar/openjdk@17/17.0.15/libexec/openjdk.jdk/Contents/Home/lib"/>
    <property name="sun.java.command" value="/Users/xavierruiz/Documents/repositories/x-ruiz/playground-data-engineering/pubsub/weatherpipeline/consumer/target/surefire/surefirebooter-20250731222933342_3.jar /Users/xavierruiz/Documents/repositories/x-ruiz/playground-data-engineering/pubsub/weatherpipeline/consumer/target/surefire 2025-07-31T22-29-33_311-jvmRun1 surefire-20250731222933342_1tmp surefire_0-20250731222933342_2tmp"/>
    <property name="http.nonProxyHosts" value="local|*.local|169.254/16|*.169.254/16"/>
    <property name="jdk.debug" value="release"/>
    <property name="surefire.test.class.path" value="/Users/xavierruiz/Documents/repositories/x-ruiz/playground-data-engineering/pubsub/weatherpipeline/consumer/target/test-classes:/Users/xavierruiz/Documents/repositories/x-ruiz/playground-data-engineering/pubsub/weatherpipeline/consumer/target/classes:/Users/xavierruiz/.m2/repository/com/google/cloud/google-cloud-pubsub/1.141.0/google-cloud-pubsub-1.141.0.jar:/Users/xavierruiz/.m2/repository/io/grpc/grpc-api/1.71.0/grpc-api-1.71.0.jar:/Users/xavierruiz/.m2/repository/io/grpc/grpc-stub/1.71.0/grpc-stub-1.71.0.jar:/Users/xavierruiz/.m2/repository/org/codehaus/mojo/animal-sniffer-annotations/1.24/animal-sniffer-annotations-1.24.jar:/Users/xavierruiz/.m2/repository/io/grpc/grpc-protobuf/1.71.0/grpc-protobuf-1.71.0.jar:/Users/xavierruiz/.m2/repository/io/grpc/grpc-protobuf-lite/1.71.0/grpc-protobuf-lite-1.71.0.jar:/Users/xavierruiz/.m2/repository/com/google/api/api-common/2.51.1/api-common-2.51.1.jar:/Users/xavierruiz/.m2/repository/com/google/j2objc/j2objc-annotations/3.0.0/j2objc-annotations-3.0.0.jar:/Users/xavierruiz/.m2/repository/com/google/protobuf/protobuf-java/4.29.4/protobuf-java-4.29.4.jar:/Users/xavierruiz/.m2/repository/com/google/api/grpc/proto-google-common-protos/2.59.1/proto-google-common-protos-2.59.1.jar:/Users/xavierruiz/.m2/repository/com/google/auth/google-auth-library-oauth2-http/1.37.1/google-auth-library-oauth2-http-1.37.1.jar:/Users/xavierruiz/.m2/repository/com/google/auth/google-auth-library-credentials/1.37.1/google-auth-library-credentials-1.37.1.jar:/Users/xavierruiz/.m2/repository/com/google/http-client/google-http-client-gson/1.47.1/google-http-client-gson-1.47.1.jar:/Users/xavierruiz/.m2/repository/com/google/code/gson/gson/2.12.1/gson-2.12.1.jar:/Users/xavierruiz/.m2/repository/com/google/api/grpc/proto-google-cloud-pubsub-v1/1.123.0/proto-google-cloud-pubsub-v1-1.123.0.jar:/Users/xavierruiz/.m2/repository/com/google/api/grpc/proto-google-iam-v1/1.54.1/proto-google-iam-v1-1.54.1.jar:/Users/xavierruiz/.m2/repository/com/google/guava/guava/33.4.0-jre/guava-33.4.0-jre.jar:/Users/xavierruiz/.m2/repository/com/google/guava/failureaccess/1.0.2/failureaccess-1.0.2.jar:/Users/xavierruiz/.m2/repository/com/google/guava/listenablefuture/9999.0-empty-to-avoid-conflict-with-guava/listenablefuture-9999.0-empty-to-avoid-conflict-with-guava.jar:/Users/xavierruiz/.m2/repository/org/checkerframework/checker-qual/3.49.0/checker-qual-3.49.0.jar:/Users/xavierruiz/.m2/repository/com/google/api/gax/2.68.1/gax-2.68.1.jar:/Users/xavierruiz/.m2/repository/com/google/protobuf/protobuf-java-util/4.29.4/protobuf-java-util-4.29.4.jar:/Users/xavierruiz/.m2/repository/com/google/api/gax-grpc/2.68.1/gax-grpc-2.68.1.jar:/Users/xavierruiz/.m2/repository/io/grpc/grpc-inprocess/1.71.0/grpc-inprocess-1.71.0.jar:/Users/xavierruiz/.m2/repository/io/grpc/grpc-core/1.71.0/grpc-core-1.71.0.jar:/Users/xavierruiz/.m2/repository/com/google/android/annotations/4.1.1.4/annotations-4.1.1.4.jar:/Users/xavierruiz/.m2/repository/io/grpc/grpc-alts/1.71.0/grpc-alts-1.71.0.jar:/Users/xavierruiz/.m2/repository/io/grpc/grpc-grpclb/1.71.0/grpc-grpclb-1.71.0.jar:/Users/xavierruiz/.m2/repository/org/conscrypt/conscrypt-openjdk-uber/2.5.2/conscrypt-openjdk-uber-2.5.2.jar:/Users/xavierruiz/.m2/repository/io/grpc/grpc-auth/1.71.0/grpc-auth-1.71.0.jar:/Users/xavierruiz/.m2/repository/io/grpc/grpc-netty-shaded/1.71.0/grpc-netty-shaded-1.71.0.jar:/Users/xavierruiz/.m2/repository/io/grpc/grpc-util/1.71.0/grpc-util-1.71.0.jar:/Users/xavierruiz/.m2/repository/io/perfmark/perfmark-api/0.27.0/perfmark-api-0.27.0.jar:/Users/xavierruiz/.m2/repository/io/grpc/grpc-googleapis/1.71.0/grpc-googleapis-1.71.0.jar:/Users/xavierruiz/.m2/repository/io/grpc/grpc-xds/1.71.0/grpc-xds-1.71.0.jar:/Users/xavierruiz/.m2/repository/io/grpc/grpc-services/1.71.0/grpc-services-1.71.0.jar:/Users/xavierruiz/.m2/repository/com/google/re2j/re2j/1.8/re2j-1.8.jar:/Users/xavierruiz/.m2/repository/com/google/api/gax-httpjson/2.68.1/gax-httpjson-2.68.1.jar:/Users/xavierruiz/.m2/repository/org/threeten/threetenbp/1.7.0/threetenbp-1.7.0.jar:/Users/xavierruiz/.m2/repository/com/google/code/findbugs/jsr305/3.0.2/jsr305-3.0.2.jar:/Users/xavierruiz/.m2/repository/io/opencensus/opencensus-api/0.31.1/opencensus-api-0.31.1.jar:/Users/xavierruiz/.m2/repository/io/grpc/grpc-context/1.71.0/grpc-context-1.71.0.jar:/Users/xavierruiz/.m2/repository/com/google/errorprone/error_prone_annotations/2.38.0/error_prone_annotations-2.38.0.jar:/Users/xavierruiz/.m2/repository/com/google/auto/value/auto-value-annotations/1.11.0/auto-value-annotations-1.11.0.jar:/Users/xavierruiz/.m2/repository/com/google/http-client/google-http-client/1.47.1/google-http-client-1.47.1.jar:/Users/xavierruiz/.m2/repository/org/apache/httpcomponents/httpclient/4.5.14/httpclient-4.5.14.jar:/Users/xavierruiz/.m2/repository/commons-codec/commons-codec/1.18.0/commons-codec-1.18.0.jar:/Users/xavierruiz/.m2/repository/org/apache/httpcomponents/httpcore/4.4.16/httpcore-4.4.16.jar:/Users/xavierruiz/.m2/repository/io/opencensus/opencensus-contrib-http-util/0.31.1/opencensus-contrib-http-util-0.31.1.jar:/Users/xavierruiz/.m2/repository/io/opentelemetry/opentelemetry-api/1.47.0/opentelemetry-api-1.47.0.jar:/Users/xavierruiz/.m2/repository/io/opentelemetry/opentelemetry-context/1.47.0/opentelemetry-context-1.47.0.jar:/Users/xavierruiz/.m2/repository/io/opentelemetry/opentelemetry-semconv/1.26.0-alpha/opentelemetry-semconv-1.26.0-alpha.jar:/Users/xavierruiz/.m2/repository/javax/annotation/javax.annotation-api/1.3.2/javax.annotation-api-1.3.2.jar:/Users/xavierruiz/.m2/repository/org/junit/jupiter/junit-jupiter-api/5.11.0/junit-jupiter-api-5.11.0.jar:/Users/xavierruiz/.m2/repository/org/opentest4j/opentest4j/1.3.0/opentest4j-1.3.0.jar:/Users/xavierruiz/.m2/repository/org/junit/platform/junit-platform-commons/1.11.0/junit-platform-commons-1.11.0.jar:/Users/xavierruiz/.m2/repository/org/apiguardian/apiguardian-api/1.1.2/apiguardian-api-1.1.2.jar:/Users/xavierruiz/.m2/repository/org/junit/jupiter/junit-jupiter-params/5.11.0/junit-jupiter-params-5.11.0.jar:"/>
    <property name="sun.cpu.endian" value="little"/>
    <property name="user.home" value="/Users/xavierruiz"/>
    <property name="user.language" value="en"/>
    <property name="java.specification.vendor" value="Oracle Corporation"/>
    <property name="java.version.date" value="2025-04-15"/>
    <property name="java.home" value="/opt/homebrew/Cellar/openjdk@17/17.0.15/libexec/openjdk.jdk/Contents/Home"/>
    <property name="file.separator" value="/"/>
    <property name="basedir" value="/Users/xavierruiz/Documents/repositories/x-ruiz/playground-data-engineering/pubsub/weatherpipeline/consumer"/>
    <property name="java.vm.compressedOopsMode" value="Zero based"/>
    <property name="line.separator" value="&#10;"/>
    <property name="java.specification.name" value="Java Platform API Specification"/>
    <property name="java.vm.specification.vendor" value="Oracle Corporation"/>
    <property name="surefire.real.class.path" value="/Users/xavierruiz/Documents/repositories/x-ruiz/playground-data-engineering/pubsub/weatherpipeline/consumer/target/surefire/surefirebooter-20250731222933342_3.jar"/>
    <property name="sun.management.compiler" value="HotSpot 64-Bit Tiered Compilers"/>
    <property name="ftp.nonProxyHosts" value="local|*.local|169.254/16|*.169.254/16"/>
    <property name="java.runtime.version" value="17.0.15+0"/>
    <property name="user.name" value="xavierruiz"/>
    <property name="path.separator" value=":"/>
    <property name="os.version" value="15.5"/>
    <property name="java.runtime.name" value="OpenJDK Runtime Environment"/>
    <property name="file.encoding" value="UTF-8"/>
    <property name="java.vm.name" value="OpenJDK 64-Bit Server VM"/>
    <property name="java.vendor.version" value="Homebrew"/>
    <property name="localRepository" value="/Users/xavierruiz/.m2/repository"/>
    <property name="java.vendor.url.bug" value="https://github.com/Homebrew/homebrew-core/issues"/>
    <property name="java.io.tmpdir" value="/var/folders/fd/_h1v63s136bczy3dlwddf9gw0000gn/T/"/>
    <property name="java.version" value="17.0.15"/>
    <property name="user.dir" value="/Users/xavierruiz/Documents/repositories/x-ruiz/playground-data-engineering/pubsub/weatherpipeline/consumer"/>
    <property name="os.arch" value="aarch64"/>
    <property name="java.vm.specification.name" value="Java Virtual Machine Specification"/>
    <property name="native.encoding" value="UTF-8"/>
    <property name="java.library.path" value="/Users/xavierruiz/Library/Java/Extensions:/Library/Java/Extensions:/Network/Library/Java/Extensions:/System/Library/Java/Extensions:/usr/lib/java:."/>
    <property name="java.vm.info" value="mixed mode, sharing"/>
    <property name="java.vendor" value="Homebrew"/>
    <property name="java.vm.version" value="17.0.15+0"/>
    <property name="java.specification.maintenance.version" value="1"/>
    <property name="sun.io.unicode.encoding" value="UnicodeBig"/>
    <property name="socksNonProxyHosts" value="local|*.local|169.254/16|*.169.254/16"/>
    <property name="java.class.version" value="61.0"/>
  </properties>
  <testcase name="shouldAnswerWithTrue" classname="com.xavierruiz.app.AppTest" time="0.009"/>
</testsuite>